time="2022-05-07 10:06:39" level=info Agent="Mozilla/5.0 (Windows NT 10.0; Win64; x64) AppleWebKit/537.36 (KHTML, like Gecko) Chrome/101.0.4951.41 Safari/537.36 Edg/101.0.1210.32" DataSize=0 HostName=LAPTOP-KKPGPU2Q Ip="::1" Method=OPTIONS SpendTime="0 ms" Status=204 path=/api/v1/category
time="2022-05-07 10:06:40" level=info Agent="Mozilla/5.0 (Windows NT 10.0; Win64; x64) AppleWebKit/537.36 (KHTML, like Gecko) Chrome/101.0.4951.41 Safari/537.36 Edg/101.0.1210.32" DataSize=318 HostName=LAPTOP-KKPGPU2Q Ip="::1" Method=GET SpendTime="224 ms" Status=200 path=/api/v1/category
time="2022-05-07 15:21:30" level=warning Agent=PostmanRuntime/7.26.8 DataSize=0 HostName=LAPTOP-KKPGPU2Q Ip="::1" Method=GET SpendTime="0 ms" Status=404 path=/api/v1/tag/add
time="2022-05-07 15:21:50" level=info Agent=PostmanRuntime/7.26.8 DataSize=31 HostName=LAPTOP-KKPGPU2Q Ip="::1" Method=POST SpendTime="0 ms" Status=200 path=/api/v1/tag/add
time="2022-05-07 15:22:49" level=info Agent=PostmanRuntime/7.26.8 DataSize=31 HostName=LAPTOP-KKPGPU2Q Ip="::1" Method=POST SpendTime="0 ms" Status=200 path=/api/v1/tag/add
time="2022-05-07 15:22:55" level=info Agent=PostmanRuntime/7.26.8 DataSize=31 HostName=LAPTOP-KKPGPU2Q Ip="::1" Method=POST SpendTime="0 ms" Status=200 path=/api/v1/tag/add
time="2022-05-07 15:23:37" level=info Agent=PostmanRuntime/7.26.8 DataSize=31 HostName=LAPTOP-KKPGPU2Q Ip="::1" Method=POST SpendTime="0 ms" Status=200 path=/api/v1/tag/add
time="2022-05-07 15:23:52" level=info Agent=PostmanRuntime/7.26.8 DataSize=31 HostName=LAPTOP-KKPGPU2Q Ip="::1" Method=POST SpendTime="0 ms" Status=200 path=/api/v1/tag/add
time="2022-05-07 15:23:53" level=info Agent=PostmanRuntime/7.26.8 DataSize=31 HostName=LAPTOP-KKPGPU2Q Ip="::1" Method=POST SpendTime="0 ms" Status=200 path=/api/v1/tag/add
time="2022-05-07 15:27:39" level=info Agent=PostmanRuntime/7.26.8 DataSize=31 HostName=LAPTOP-KKPGPU2Q Ip="::1" Method=POST SpendTime="0 ms" Status=200 path=/api/v1/tag/add
time="2022-05-07 15:33:40" level=info Agent=PostmanRuntime/7.26.8 DataSize=31 HostName=LAPTOP-KKPGPU2Q Ip="::1" Method=POST SpendTime="0 ms" Status=200 path=/api/v1/tag/add
time="2022-05-07 15:34:00" level=info Agent=PostmanRuntime/7.26.8 DataSize=31 HostName=LAPTOP-KKPGPU2Q Ip="::1" Method=POST SpendTime="0 ms" Status=200 path=/api/v1/tag/add
time="2022-05-07 15:34:53" level=info Agent=PostmanRuntime/7.26.8 DataSize=31 HostName=LAPTOP-KKPGPU2Q Ip="::1" Method=POST SpendTime="0 ms" Status=200 path=/api/v1/tag/add
time="2022-05-07 15:39:42" level=info Agent=PostmanRuntime/7.26.8 DataSize=31 HostName=LAPTOP-KKPGPU2Q Ip="::1" Method=POST SpendTime="13336 ms" Status=200 path=/api/v1/tag/add
time="2022-05-07 15:41:40" level=info Agent=PostmanRuntime/7.26.8 DataSize=31 HostName=LAPTOP-KKPGPU2Q Ip="::1" Method=POST SpendTime="76355 ms" Status=200 path=/api/v1/tag/add
time="2022-05-07 16:02:16" level=info Agent=PostmanRuntime/7.26.8 DataSize=29 HostName=LAPTOP-KKPGPU2Q Ip="::1" Method=POST SpendTime="136 ms" Status=200 path=/api/v1/tag/add
time="2022-05-07 16:09:11" level=info Agent=PostmanRuntime/7.26.8 DataSize=181 HostName=LAPTOP-KKPGPU2Q Ip="::1" Method=GET SpendTime="44 ms" Status=200 path=/api/v1/tags
time="2022-05-07 16:30:32" level=info Agent=PostmanRuntime/7.26.8 DataSize=181 HostName=LAPTOP-KKPGPU2Q Ip="::1" Method=GET SpendTime="51 ms" Status=200 path=/api/v1/tags
time="2022-05-07 16:31:17" level=warning Agent=PostmanRuntime/7.26.8 DataSize=0 HostName=LAPTOP-KKPGPU2Q Ip="::1" Method=DELETE SpendTime="0 ms" Status=404 path=/api/v1/tag/1
time="2022-05-07 16:32:52" level=warning Agent=PostmanRuntime/7.26.8 DataSize=0 HostName=LAPTOP-KKPGPU2Q Ip="::1" Method=DELETE SpendTime="0 ms" Status=404 path=/api/v1/tag/1
time="2022-05-07 16:42:20" level=info Agent=PostmanRuntime/7.26.8 DataSize=29 HostName=LAPTOP-KKPGPU2Q Ip="::1" Method=DELETE SpendTime="439 ms" Status=200 path=/api/v1/tag/1
time="2022-05-07 16:44:24" level=info Agent=PostmanRuntime/7.26.8 DataSize=29 HostName=LAPTOP-KKPGPU2Q Ip="::1" Method=DELETE SpendTime="1 ms" Status=200 path=/api/v1/tag/1
time="2022-05-07 16:44:46" level=info Agent=PostmanRuntime/7.26.8 DataSize=29 HostName=LAPTOP-KKPGPU2Q Ip="::1" Method=DELETE SpendTime="408 ms" Status=200 path=/api/v1/tag/2
time="2022-05-07 16:44:53" level=info Agent=PostmanRuntime/7.26.8 DataSize=29 HostName=LAPTOP-KKPGPU2Q Ip="::1" Method=DELETE SpendTime="0 ms" Status=200 path=/api/v1/tag/10
time="2022-05-07 16:46:33" level=info Agent=PostmanRuntime/7.26.8 DataSize=29 HostName=LAPTOP-KKPGPU2Q Ip="::1" Method=PUT SpendTime="138 ms" Status=200 path=/api/v1/tag/3
time="2022-05-07 16:47:27" level=info Agent=PostmanRuntime/7.26.8 DataSize=29 HostName=LAPTOP-KKPGPU2Q Ip="::1" Method=PUT SpendTime="104 ms" Status=200 path=/api/v1/tag/3
time="2022-05-07 17:37:16" level=info Agent=PostmanRuntime/7.26.8 DataSize=29 HostName=LAPTOP-KKPGPU2Q Ip="::1" Method=PUT SpendTime="518 ms" Status=200 path=/api/v1/tag/3
time="2022-05-07 17:38:16" level=warning Agent=PostmanRuntime/7.26.8 DataSize=0 HostName=LAPTOP-KKPGPU2Q Ip="::1" Method=GET SpendTime="0 ms" Status=404 path=/api/v1/tag/3
time="2022-05-07 17:40:50" level=info Agent=PostmanRuntime/7.26.8 DataSize=51 HostName=LAPTOP-KKPGPU2Q Ip="::1" Method=GET SpendTime="1 ms" Status=200 path=/api/v1/tags/1
time="2022-05-07 17:44:13" level=info Agent=PostmanRuntime/7.26.8 DataSize=51 HostName=LAPTOP-KKPGPU2Q Ip="::1" Method=GET SpendTime="1 ms" Status=200 path=/api/v1/tags/1
time="2022-05-07 17:45:09" level=info Agent=PostmanRuntime/7.26.8 DataSize=51 HostName=LAPTOP-KKPGPU2Q Ip="::1" Method=GET SpendTime="2 ms" Status=200 path=/api/v1/tags/1
time="2022-05-07 17:49:06" level=info Agent=PostmanRuntime/7.26.8 DataSize=53 HostName=LAPTOP-KKPGPU2Q Ip="::1" Method=GET SpendTime="1 ms" Status=200 path=/api/v1/tags/1
time="2022-05-07 18:57:14" level=info Agent=PostmanRuntime/7.26.8 DataSize=53 HostName=LAPTOP-KKPGPU2Q Ip="::1" Method=GET SpendTime="0 ms" Status=200 path=/api/v1/tags/1
time="2022-05-07 19:07:33" level=info Agent=PostmanRuntime/7.26.8 DataSize=53 HostName=LAPTOP-KKPGPU2Q Ip="::1" Method=GET SpendTime="0 ms" Status=200 path=/api/v1/tags/1
time="2022-05-07 19:09:05" level=info Agent=PostmanRuntime/7.26.8 DataSize=53 HostName=LAPTOP-KKPGPU2Q Ip="::1" Method=GET SpendTime="49 ms" Status=200 path=/api/v1/tags/1
time="2022-05-07 19:11:18" level=info Agent=PostmanRuntime/7.26.8 DataSize=53 HostName=LAPTOP-KKPGPU2Q Ip="::1" Method=GET SpendTime="45 ms" Status=200 path=/api/v1/tags/1
time="2022-05-07 19:17:29" level=info Agent=PostmanRuntime/7.26.8 DataSize=53 HostName=LAPTOP-KKPGPU2Q Ip="::1" Method=GET SpendTime="53 ms" Status=200 path=/api/v1/tags/1
time="2022-05-07 19:19:11" level=info Agent=PostmanRuntime/7.26.8 DataSize=53 HostName=LAPTOP-KKPGPU2Q Ip="::1" Method=GET SpendTime="53 ms" Status=200 path=/api/v1/tags/1
time="2022-05-07 19:27:41" level=info Agent=PostmanRuntime/7.26.8 DataSize=53 HostName=LAPTOP-KKPGPU2Q Ip="::1" Method=GET SpendTime="2 ms" Status=200 path=/api/v1/tags/1
time="2022-05-07 19:30:59" level=info Agent=PostmanRuntime/7.26.8 DataSize=53 HostName=LAPTOP-KKPGPU2Q Ip="::1" Method=GET SpendTime="2 ms" Status=200 path=/api/v1/tags/1
time="2022-05-07 19:31:55" level=info Agent=PostmanRuntime/7.26.8 DataSize=302 HostName=LAPTOP-KKPGPU2Q Ip="::1" Method=GET SpendTime="58 ms" Status=200 path=/api/v1/tags/1
time="2022-05-07 19:33:22" level=info Agent=PostmanRuntime/7.26.8 DataSize=302 HostName=LAPTOP-KKPGPU2Q Ip="::1" Method=GET SpendTime="55 ms" Status=200 path=/api/v1/tags/1
time="2022-05-07 19:33:51" level=info Agent=PostmanRuntime/7.26.8 DataSize=302 HostName=LAPTOP-KKPGPU2Q Ip="::1" Method=GET SpendTime="49 ms" Status=200 path=/api/v1/tags/1
time="2022-05-07 19:50:49" level=info Agent=PostmanRuntime/7.26.8 DataSize=53 HostName=LAPTOP-KKPGPU2Q Ip="::1" Method=GET SpendTime="58 ms" Status=200 path=/api/v1/tags/1
time="2022-05-07 20:24:34" level=info Agent=PostmanRuntime/7.26.8 DataSize=53 HostName=LAPTOP-KKPGPU2Q Ip="::1" Method=GET SpendTime="52 ms" Status=200 path=/api/v1/tags/1
time="2022-05-07 20:25:43" level=info Agent=PostmanRuntime/7.26.8 DataSize=51 HostName=LAPTOP-KKPGPU2Q Ip="::1" Method=GET SpendTime="1 ms" Status=200 path=/api/v1/tags/1
time="2022-05-07 20:31:17" level=info Agent=PostmanRuntime/7.26.8 DataSize=51 HostName=LAPTOP-KKPGPU2Q Ip="::1" Method=GET SpendTime="2 ms" Status=200 path=/api/v1/tags/1
time="2022-05-07 20:32:05" level=info Agent=PostmanRuntime/7.26.8 DataSize=51 HostName=LAPTOP-KKPGPU2Q Ip="::1" Method=GET SpendTime="2 ms" Status=200 path=/api/v1/tags/1
time="2022-05-07 20:33:36" level=info Agent=PostmanRuntime/7.26.8 DataSize=51 HostName=LAPTOP-KKPGPU2Q Ip="::1" Method=GET SpendTime="2 ms" Status=200 path=/api/v1/tags/1
time="2022-05-07 20:35:00" level=info Agent=PostmanRuntime/7.26.8 DataSize=51 HostName=LAPTOP-KKPGPU2Q Ip="::1" Method=GET SpendTime="2 ms" Status=200 path=/api/v1/tags/1
time="2022-05-07 20:37:44" level=info Agent=PostmanRuntime/7.26.8 DataSize=464 HostName=LAPTOP-KKPGPU2Q Ip="::1" Method=GET SpendTime="3 ms" Status=200 path=/api/v1/tags/1
time="2022-05-07 20:45:56" level=info Agent=PostmanRuntime/7.26.8 DataSize=175 HostName=LAPTOP-KKPGPU2Q Ip="::1" Method=GET SpendTime="3 ms" Status=200 path=/api/v1/tags/1
time="2022-05-07 20:47:40" level=info Agent=PostmanRuntime/7.26.8 DataSize=175 HostName=LAPTOP-KKPGPU2Q Ip="::1" Method=GET SpendTime="2 ms" Status=200 path=/api/v1/tags/1
time="2022-05-07 20:47:44" level=info Agent=PostmanRuntime/7.26.8 DataSize=51 HostName=LAPTOP-KKPGPU2Q Ip="::1" Method=GET SpendTime="1 ms" Status=200 path=/api/v1/tags/2
time="2022-05-07 20:59:26" level=info Agent=PostmanRuntime/7.26.8 DataSize=180 HostName=LAPTOP-KKPGPU2Q Ip="::1" Method=POST SpendTime="480 ms" Status=200 path=/api/v1/tag/add
time="2022-05-07 21:01:31" level=info Agent=PostmanRuntime/7.26.8 DataSize=29 HostName=LAPTOP-KKPGPU2Q Ip="::1" Method=PUT SpendTime="156 ms" Status=200 path=/api/v1/tag/3
time="2022-05-07 21:03:00" level=info Agent=PostmanRuntime/7.26.8 DataSize=53 HostName=LAPTOP-KKPGPU2Q Ip="::1" Method=GET SpendTime="1 ms" Status=200 path=/api/v1/tags/2
time="2022-05-07 21:07:55" level=info Agent=PostmanRuntime/7.26.8 DataSize=53 HostName=LAPTOP-KKPGPU2Q Ip="::1" Method=GET SpendTime="46 ms" Status=200 path=/api/v1/tags/2
time="2022-05-07 21:08:46" level=info Agent=PostmanRuntime/7.26.8 DataSize=53 HostName=LAPTOP-KKPGPU2Q Ip="::1" Method=GET SpendTime="0 ms" Status=200 path=/api/v1/tags/1
time="2022-05-07 21:09:38" level=info Agent=PostmanRuntime/7.26.8 DataSize=180 HostName=LAPTOP-KKPGPU2Q Ip="::1" Method=POST SpendTime="97 ms" Status=200 path=/api/v1/tag/add
time="2022-05-07 21:09:44" level=info Agent=PostmanRuntime/7.26.8 DataSize=178 HostName=LAPTOP-KKPGPU2Q Ip="::1" Method=POST SpendTime="162 ms" Status=200 path=/api/v1/tag/add
time="2022-05-07 21:09:49" level=info Agent=PostmanRuntime/7.26.8 DataSize=179 HostName=LAPTOP-KKPGPU2Q Ip="::1" Method=POST SpendTime="143 ms" Status=200 path=/api/v1/tag/add
time="2022-05-07 21:10:29" level=info Agent=PostmanRuntime/7.26.8 DataSize=53 HostName=LAPTOP-KKPGPU2Q Ip="::1" Method=GET SpendTime="1 ms" Status=200 path=/api/v1/tags/1
time="2022-05-07 21:11:22" level=info Agent=PostmanRuntime/7.26.8 DataSize=53 HostName=LAPTOP-KKPGPU2Q Ip="::1" Method=GET SpendTime="1 ms" Status=200 path=/api/v1/tags/1
time="2022-05-07 21:11:31" level=info Agent=PostmanRuntime/7.26.8 DataSize=53 HostName=LAPTOP-KKPGPU2Q Ip="::1" Method=GET SpendTime="1 ms" Status=200 path=/api/v1/tags/1
time="2022-05-07 21:11:38" level=info Agent=PostmanRuntime/7.26.8 DataSize=53 HostName=LAPTOP-KKPGPU2Q Ip="::1" Method=GET SpendTime="2 ms" Status=200 path=/api/v1/tags/1
time="2022-05-07 21:11:39" level=info Agent=PostmanRuntime/7.26.8 DataSize=53 HostName=LAPTOP-KKPGPU2Q Ip="::1" Method=GET SpendTime="0 ms" Status=200 path=/api/v1/tags/1
time="2022-05-07 21:11:40" level=info Agent=PostmanRuntime/7.26.8 DataSize=53 HostName=LAPTOP-KKPGPU2Q Ip="::1" Method=GET SpendTime="1 ms" Status=200 path=/api/v1/tags/1
